
Creating table TERM_T
=====================


表已创建。


表已更改。


Creating table USER_T
=====================


表已创建。


注释已创建。


表已更改。


Creating package AUTH_B
=======================


程序包已创建。


Creating package BASIC_IO_B
===========================


程序包已创建。


Creating package CACHE_B
========================


程序包已创建。


Creating package CHARSET_B
==========================


程序包已创建。


Creating package ERROR_B
========================


程序包已创建。


Creating package FILE_DL_B
==========================


程序包已创建。


Creating package FILTER_B
=========================


程序包已创建。


Creating package HTML_B
=======================


程序包已创建。


Creating package HTTP_B
=======================


程序包已创建。


Creating package INDEX_B
========================


程序包已创建。


Creating package K_FILTER
=========================


程序包已创建。


Creating package NEGOTIATION_B
==============================


程序包已创建。


Creating package ORA_GOOD_B
===========================


程序包已创建。


Creating package POST_B
=======================


程序包已创建。


Creating package POST_FILE_B
============================


程序包已创建。


Creating package PV
===================


程序包已创建。


Creating package RC
===================


程序包已创建。


Creating package RCPV
=====================


程序包已创建。


Creating package SRC_B
======================


程序包已创建。


Creating package TERM_B
=======================


程序包已创建。


Creating package TEST_B
=======================


程序包已创建。


Creating package TEST_C
=======================


程序包已创建。


Creating package UPLOAD_B
=========================


程序包已创建。


Creating package URL_B
======================


程序包已创建。


Creating package USER_B
=======================


程序包已创建。


Creating package USER_C
=======================


程序包已创建。


Creating package XML_PAGE_B
===========================


程序包已创建。


Creating procedure DAD_AUTH_ENTRY
=================================


过程已创建。


Creating procedure URL_TEST1_B
==============================


过程已创建。


Creating procedure URL_TEST2_B
==============================


过程已创建。


Creating package body AUTH_B
============================


警告: 创建的包体带有编译错误。


Creating package body BASIC_IO_B
================================


程序包体已创建。


Creating package body CACHE_B
=============================


程序包体已创建。


Creating package body CHARSET_B
===============================


程序包体已创建。


Creating package body ERROR_B
=============================


程序包体已创建。


Creating package body FILE_DL_B
===============================


程序包体已创建。


Creating package body FILTER_B
==============================


程序包体已创建。


Creating package body HTML_B
============================


程序包体已创建。


Creating package body HTTP_B
============================


程序包体已创建。


Creating package body INDEX_B
=============================


程序包体已创建。


Creating package body K_FILTER
==============================


程序包体已创建。


Creating package body NEGOTIATION_B
===================================


程序包体已创建。


Creating package body ORA_GOOD_B
================================


程序包体已创建。


Creating package body POST_B
============================


程序包体已创建。


Creating package body POST_FILE_B
=================================


程序包体已创建。


Creating package body RC
========================


程序包体已创建。


Creating package body SRC_B
===========================


程序包体已创建。


Creating package body TERM_B
============================


警告: 创建的包体带有编译错误。


Creating package body TEST_B
============================


程序包体已创建。


Creating package body TEST_C
============================


程序包体已创建。


Creating package body UPLOAD_B
==============================


程序包体已创建。


Creating package body URL_B
===========================


程序包体已创建。


Creating package body USER_B
============================


程序包体已创建。


Creating package body USER_C
============================


警告: 创建的包体带有编译错误。


Creating package body XML_PAGE_B
================================


程序包体已创建。


Creating trigger T_USER
=======================


触发器已创建

